D:\Repositories\rest-mvc-rbac-jwt-prototype\connections\mongo.js:7
        this.init();
             ^

TypeError: this.init is not a function
    at new MongoDB (D:\Repositories\rest-mvc-rbac-jwt-prototype\connections\mongo.js:7:14)
    at Object.<anonymous> (D:\Repositories\rest-mvc-rbac-jwt-prototype\connections\mongo.js:42:18)
    at Module._compile (node:internal/modules/cjs/loader:1108:14)
    at Object.Module._extensions..js (node:internal/modules/cjs/loader:1137:10)
    at Module.load (node:internal/modules/cjs/loader:973:32)
    at Function.Module._load (node:internal/modules/cjs/loader:813:14)
    at Module.require (node:internal/modules/cjs/loader:997:19)
    at require (node:internal/modules/cjs/helpers:92:18)
    at Object.<anonymous> (D:\Repositories\rest-mvc-rbac-jwt-prototype\express.js:6:17)
    at Module._compile (node:internal/modules/cjs/loader:1108:14)
D:\Repositories\rest-mvc-rbac-jwt-prototype\connections\mongo.js:7
        this.init();
             ^

TypeError: this.init is not a function
    at new MongoDB (D:\Repositories\rest-mvc-rbac-jwt-prototype\connections\mongo.js:7:14)
    at Object.<anonymous> (D:\Repositories\rest-mvc-rbac-jwt-prototype\connections\mongo.js:42:18)
    at Module._compile (node:internal/modules/cjs/loader:1108:14)
    at Object.Module._extensions..js (node:internal/modules/cjs/loader:1137:10)
    at Module.load (node:internal/modules/cjs/loader:973:32)
    at Function.Module._load (node:internal/modules/cjs/loader:813:14)
    at Module.require (node:internal/modules/cjs/loader:997:19)
    at require (node:internal/modules/cjs/helpers:92:18)
    at Object.<anonymous> (D:\Repositories\rest-mvc-rbac-jwt-prototype\express.js:6:17)
    at Module._compile (node:internal/modules/cjs/loader:1108:14)
D:\Repositories\rest-mvc-rbac-jwt-prototype\connections\mongo.js:7
        this.init();
             ^

TypeError: this.init is not a function
    at new MongoDB (D:\Repositories\rest-mvc-rbac-jwt-prototype\connections\mongo.js:7:14)
    at Object.<anonymous> (D:\Repositories\rest-mvc-rbac-jwt-prototype\connections\mongo.js:42:18)
    at Module._compile (node:internal/modules/cjs/loader:1108:14)
    at Object.Module._extensions..js (node:internal/modules/cjs/loader:1137:10)
    at Module.load (node:internal/modules/cjs/loader:973:32)
    at Function.Module._load (node:internal/modules/cjs/loader:813:14)
    at Module.require (node:internal/modules/cjs/loader:997:19)
    at require (node:internal/modules/cjs/helpers:92:18)
    at Object.<anonymous> (D:\Repositories\rest-mvc-rbac-jwt-prototype\express.js:6:17)
    at Module._compile (node:internal/modules/cjs/loader:1108:14)
D:\Repositories\rest-mvc-rbac-jwt-prototype\express.js:7
MongoDB.init();
        ^

TypeError: MongoDB.init is not a function
    at Object.<anonymous> (D:\Repositories\rest-mvc-rbac-jwt-prototype\express.js:7:9)
    at Module._compile (node:internal/modules/cjs/loader:1108:14)
    at Object.Module._extensions..js (node:internal/modules/cjs/loader:1137:10)
    at Module.load (node:internal/modules/cjs/loader:973:32)
    at Function.Module._load (node:internal/modules/cjs/loader:813:14)
    at Module.require (node:internal/modules/cjs/loader:997:19)
    at require (node:internal/modules/cjs/helpers:92:18)
    at Object.<anonymous> (D:\Repositories\rest-mvc-rbac-jwt-prototype\server.js:1:17)
    at Module._compile (node:internal/modules/cjs/loader:1108:14)
    at Object.Module._extensions..js (node:internal/modules/cjs/loader:1137:10)
D:\Repositories\rest-mvc-rbac-jwt-prototype\connections\mongo.js:42
module.exports = MongoDB();
                 ^

TypeError: Class constructor MongoDB cannot be invoked without 'new'
    at Object.<anonymous> (D:\Repositories\rest-mvc-rbac-jwt-prototype\connections\mongo.js:42:18)
    at Module._compile (node:internal/modules/cjs/loader:1108:14)
    at Object.Module._extensions..js (node:internal/modules/cjs/loader:1137:10)
    at Module.load (node:internal/modules/cjs/loader:973:32)
    at Function.Module._load (node:internal/modules/cjs/loader:813:14)
    at Module.require (node:internal/modules/cjs/loader:997:19)
    at require (node:internal/modules/cjs/helpers:92:18)
    at Object.<anonymous> (D:\Repositories\rest-mvc-rbac-jwt-prototype\express.js:6:17)
    at Module._compile (node:internal/modules/cjs/loader:1108:14)
    at Object.Module._extensions..js (node:internal/modules/cjs/loader:1137:10)
D:\Repositories\rest-mvc-rbac-jwt-prototype\connections\mongo.js:38
module.exports = MongoDB();
                 ^

TypeError: Class constructor MongoDB cannot be invoked without 'new'
    at Object.<anonymous> (D:\Repositories\rest-mvc-rbac-jwt-prototype\connections\mongo.js:38:18)
    at Module._compile (node:internal/modules/cjs/loader:1108:14)
    at Object.Module._extensions..js (node:internal/modules/cjs/loader:1137:10)
    at Module.load (node:internal/modules/cjs/loader:973:32)
    at Function.Module._load (node:internal/modules/cjs/loader:813:14)
    at Module.require (node:internal/modules/cjs/loader:997:19)
    at require (node:internal/modules/cjs/helpers:92:18)
    at Object.<anonymous> (D:\Repositories\rest-mvc-rbac-jwt-prototype\express.js:6:17)
    at Module._compile (node:internal/modules/cjs/loader:1108:14)
    at Object.Module._extensions..js (node:internal/modules/cjs/loader:1137:10)
node:internal/modules/cjs/loader:928
  throw err;
  ^

Error: Cannot find module './connections/mongo'
Require stack:
- D:\Repositories\rest-mvc-rbac-jwt-prototype\controllers\countryController.js
- D:\Repositories\rest-mvc-rbac-jwt-prototype\routing\countryRoutes.js
- D:\Repositories\rest-mvc-rbac-jwt-prototype\server.js
    at Function.Module._resolveFilename (node:internal/modules/cjs/loader:925:15)
    at Function.Module._load (node:internal/modules/cjs/loader:769:27)
    at Module.require (node:internal/modules/cjs/loader:997:19)
    at require (node:internal/modules/cjs/helpers:92:18)
    at Object.<anonymous> (D:\Repositories\rest-mvc-rbac-jwt-prototype\controllers\countryController.js:4:17)
    at Module._compile (node:internal/modules/cjs/loader:1108:14)
    at Object.Module._extensions..js (node:internal/modules/cjs/loader:1137:10)
    at Module.load (node:internal/modules/cjs/loader:973:32)
    at Function.Module._load (node:internal/modules/cjs/loader:813:14)
    at Module.require (node:internal/modules/cjs/loader:997:19) {
  code: 'MODULE_NOT_FOUND',
  requireStack: [
    'D:\\Repositories\\rest-mvc-rbac-jwt-prototype\\controllers\\countryController.js',
    'D:\\Repositories\\rest-mvc-rbac-jwt-prototype\\routing\\countryRoutes.js',
    'D:\\Repositories\\rest-mvc-rbac-jwt-prototype\\server.js'
  ]
}
